MPASM  5.43                          PIC2.ASM   7-6-2025  21:11:15         PAGE  1


LOC  OBJECT CODE     LINE SOURCE TEXT
  VALUE

                      00001 ;;
Warning[205]: Found directive in column 1. (PROCESSOR)
                      00002 PROCESSOR 16F877A
Warning[205]: Found directive in column 1. (__CONFIG)
2007   3731           00003 __CONFIG 0x3731
Warning[205]: Found directive in column 1. (INCLUDE)
                      00004 INCLUDE "P16F877A.INC"
                      00001         LIST
                      00002 
                      00003 ;==========================================================================
                      00004 ;  MPASM PIC16F877A processor include
                      00005 ; 
                      00006 ;  (c) Copyright 1999-2011 Microchip Technology, All rights reserved
                      00007 ;==========================================================================
                      00008 
                      00564         LIST
                      00005 
                      00006 ; --- VARIABLES ---
                      00007     CBLOCK 0x20
  00000020            00008         temp_char
  00000021            00009         received_digit
  00000022            00010         digit_index
  00000023            00011         number_count
                      00012 
                      00013         ; Array to store the first received 12-digit number (Dividend)
  00000024            00014         slave_digit_array1_0
  00000025            00015         slave_digit_array1_1
  00000026            00016         slave_digit_array1_2
  00000027            00017         slave_digit_array1_3
  00000028            00018         slave_digit_array1_4
  00000029            00019         slave_digit_array1_5
  0000002A            00020         slave_digit_array1_6
  0000002B            00021         slave_digit_array1_7
  0000002C            00022         slave_digit_array1_8
  0000002D            00023         slave_digit_array1_9
  0000002E            00024         slave_digit_array1_10
  0000002F            00025         slave_digit_array1_11
                      00026 
                      00027         ; Array to store the second received 12-digit number (Divisor)
  00000030            00028         slave_digit_array2_0
  00000031            00029         slave_digit_array2_1
  00000032            00030         slave_digit_array2_2
  00000033            00031         slave_digit_array2_3
  00000034            00032         slave_digit_array2_4
  00000035            00033         slave_digit_array2_5
  00000036            00034         slave_digit_array2_6
  00000037            00035         slave_digit_array2_7
  00000038            00036         slave_digit_array2_8
  00000039            00037         slave_digit_array2_9
  0000003A            00038         slave_digit_array2_10
  0000003B            00039         slave_digit_array2_11
                      00040 
                      00041         ; Status flags
MPASM  5.43                          PIC2.ASM   7-6-2025  21:11:15         PAGE  2


LOC  OBJECT CODE     LINE SOURCE TEXT
  VALUE

  0000003C            00042         first_number_received
  0000003D            00043         second_number_received
  0000003E            00044         both_numbers_ready
                      00045 
                      00046         ; *** BEGIN: VARIABLES FROM DIVISION LOGIC ***
                      00047         ; Scaled Dividend: 18 digits to hold the 12-digit input shifted left by 6 places.
  0000003F            00048         div_dividend_d17
  00000040            00049         div_dividend_d16
  00000041            00050         div_dividend_d15
  00000042            00051         div_dividend_d14
  00000043            00052         div_dividend_d13
  00000044            00053         div_dividend_d12
  00000045            00054         div_dividend_d11
  00000046            00055         div_dividend_d10
  00000047            00056         div_dividend_d9
  00000048            00057         div_dividend_d8
  00000049            00058         div_dividend_d7
  0000004A            00059         div_dividend_d6
  0000004B            00060         div_dividend_d5
  0000004C            00061         div_dividend_d4
  0000004D            00062         div_dividend_d3
  0000004E            00063         div_dividend_d2
  0000004F            00064         div_dividend_d1
  00000050            00065         div_dividend_d0
                      00066 
                      00067         ; Working dividend (remainder during division) - EXPANDED TO 13 DIGITS FOR PRECISION
  00000051            00068         div_working_d12
  00000052            00069         div_working_d11
  00000053            00070         div_working_d10
  00000054            00071         div_working_d9
  00000055            00072         div_working_d8
  00000056            00073         div_working_d7
  00000057            00074         div_working_d6
  00000058            00075         div_working_d5
  00000059            00076         div_working_d4
  0000005A            00077         div_working_d3
  0000005B            00078         div_working_d2
  0000005C            00079         div_working_d1
  0000005D            00080         div_working_d0
                      00081 
                      00082         ; Quotient result: Stores the final 12-digit (6.6) fixed-point number.
  0000005E            00083         div_quotient_d11
  0000005F            00084         div_quotient_d10
  00000060            00085         div_quotient_d9
  00000061            00086         div_quotient_d8
  00000062            00087         div_quotient_d7
  00000063            00088         div_quotient_d6
  00000064            00089         div_quotient_d5
  00000065            00090         div_quotient_d4
  00000066            00091         div_quotient_d3
  00000067            00092         div_quotient_d2
  00000068            00093         div_quotient_d1
  00000069            00094         div_quotient_d0
MPASM  5.43                          PIC2.ASM   7-6-2025  21:11:15         PAGE  3


LOC  OBJECT CODE     LINE SOURCE TEXT
  VALUE

                      00095 
                      00096         ; Temporary variables for division
  0000006A            00097         div_compare_result
  0000006B            00098         div_digit_index
  0000006C            00099         div_dividend_ptr
  0000006D            00100         div_quotient_ptr
  0000006E            00101         div_current_quotient_digit
  0000006F            00102         transmit_index
  00000070            00103         delay_ms_count
                      00104         ; *** END: VARIABLES FROM DIVISION LOGIC ***
                      00105 
                      00106     ENDC
                      00107 
                      00108     ORG 0x00            ; Reset vector
0000   2???           00109     GOTO slave_start    ; Jump to main program
                      00110 
                      00111     ORG 0x04            ; Interrupt vector
0004   2???           00112     GOTO USART_ISR      ; Jump to USART interrupt handler
                      00113 
                      00114 ;----------------------------------------SLAVE MAIN PROGRAM---------------------------------------------
                            ----------------
0005                  00115 slave_start:
0005   0000           00116     NOP                 ; Required for ICD mode
                      00117 
                      00118 
                      00119     ; Configure USART pins
0006   1683 1303      00120     BANKSEL TRISC
Message[302]: Register in operand not in bank 0.  Ensure that bank bits are correct.
0008   1787           00121     BSF     TRISC, 7    ; RC7/RX pin as input (receive)
Message[302]: Register in operand not in bank 0.  Ensure that bank bits are correct.
0009   1307           00122     BCF     TRISC, 6    ; RC6/TX pin as output (transmit)
                      00123 
                      00124     ; Initialize hardware and variables
000A   2???           00125     CALL    init_usart
000B   1283 1303      00126     BANKSEL PORTD
000D   0188           00127     CLRF    PORTD
000E   2???           00128     CALL    init_slave_variables
                      00129 
                      00130 
                      00131     ; Enable interrupts for USART reception
000F   1283 1303      00132     BANKSEL INTCON
0011   170B           00133     BSF     INTCON, PEIE    ; Enable peripheral interrupts
0012   178B           00134     BSF     INTCON, GIE     ; Enable global interrupts
                      00135 
                      00136 ; --- MODIFIED MAIN LOOP ---
0013                  00137 slave_main_loop:
                      00138     ; Check if both numbers have been received and are ready for calculation
0013   1283 1303      00139     BANKSEL both_numbers_ready
0015   183E           00140     BTFSC   both_numbers_ready, 0   ; Test the flag bit
0016   2???           00141     CALL    perform_division        ; If set, perform the division
                      00142 
                      00143     ; Loop back to continue checking
0017   2???           00144     GOTO    slave_main_loop
MPASM  5.43                          PIC2.ASM   7-6-2025  21:11:15         PAGE  4


LOC  OBJECT CODE     LINE SOURCE TEXT
  VALUE

                      00145 
                      00146 ; --- HIGH-LEVEL CALCULATION ROUTINE ---
0018                  00147 perform_division:
                      00148     ; This routine prepares the numbers and calls the core division logic.
                      00149 
                      00150     ; 1. Clear the 'ready' flag to prevent re-calculation
0018   1283 1303      00151     BANKSEL both_numbers_ready
001A   01BE           00152     CLRF    both_numbers_ready
                      00153 
                      00154     ; 2. Prepare the numbers for the 18x12 division algorithm.
001B   2???           00155     CALL    prepare_division_inputs
                      00156 
                      00157     ; 3. Call the core division logic that was integrated from the external file.
001C   2???           00158     CALL    perform_18x12_division
                      00159 
                      00160 
001D   1283 1303      00161     BANKSEL div_quotient_d11
001F   2???           00162     CALL    transmit_result_to_master
                      00163 
                      00164     ; 4. Reset state variables for next calculation
0020   2???           00165     CALL    reset_slave_for_next_calculation
                      00166 
                      00167     ; 5. Calculation is done. The routine returns to the main loop to wait.
0021   0008           00168     RETURN
                      00169 
                      00170 ;----------------------------------------USART INTERRUPT SERVICE ROUTINE--------------------------------
                            -----------------------------
0022                  00171 USART_ISR:
0022   00A0           00172     MOVWF   temp_char
0023   1283 1303      00173     BANKSEL PIR1
0025   1E8C           00174     BTFSS   PIR1, RCIF
0026   2???           00175     GOTO    isr_exit
0027   1283 1303      00176     BANKSEL RCREG
0029   081A           00177     MOVF    RCREG, 0
002A   00A1           00178     MOVWF   received_digit
002B   0823           00179     MOVF    number_count, 0
002C   3C00           00180     SUBLW   .0
002D   1903           00181     BTFSC   STATUS, Z
002E   2???           00182     GOTO    store_first_number
002F   2???           00183     GOTO    store_second_number
0030                  00184 store_first_number:
0030   0822           00185     MOVF    digit_index, 0
0031   3E24           00186     ADDLW   slave_digit_array1_0
0032   0084           00187     MOVWF   FSR
0033   0821           00188     MOVF    received_digit, 0
0034   0080           00189     MOVWF   INDF
0035   0AA2           00190     INCF    digit_index, 1
0036   0822           00191     MOVF    digit_index, 0
0037   3C0C           00192     SUBLW   .12
0038   1D03           00193     BTFSS   STATUS, Z
0039   2???           00194     GOTO    isr_exit
003A   3001           00195     MOVLW   .1
003B   00BC           00196     MOVWF   first_number_received
MPASM  5.43                          PIC2.ASM   7-6-2025  21:11:15         PAGE  5


LOC  OBJECT CODE     LINE SOURCE TEXT
  VALUE

003C   01A2           00197     CLRF    digit_index
003D   0AA3           00198     INCF    number_count, 1
003E   2???           00199     GOTO    isr_exit
003F                  00200 store_second_number:
003F   0822           00201     MOVF    digit_index, 0
0040   3E30           00202     ADDLW   slave_digit_array2_0
0041   0084           00203     MOVWF   FSR
0042   0821           00204     MOVF    received_digit, 0
0043   0080           00205     MOVWF   INDF
0044   0AA2           00206     INCF    digit_index, 1
0045   0822           00207     MOVF    digit_index, 0
0046   3C0C           00208     SUBLW   .12
0047   1D03           00209     BTFSS   STATUS, Z
0048   2???           00210     GOTO    isr_exit
0049   3001           00211     MOVLW   .1
004A   00BD           00212     MOVWF   second_number_received
004B   3001           00213     MOVLW   .1
004C   00BE           00214     MOVWF   both_numbers_ready
004D                  00215 isr_exit:
004D   0820           00216     MOVF    temp_char, 0
004E   0009           00217     RETFIE
                      00218 
                      00219 ;----------------------------------------SUBROUTINES----------------------------------------------------
                            ---------
                      00220 
004F                  00221 init_usart:
004F   1683 1303      00222     BANKSEL SPBRG
0051   3019           00223     MOVLW   .25
Message[302]: Register in operand not in bank 0.  Ensure that bank bits are correct.
0052   0099           00224     MOVWF   SPBRG
0053   1683 1303      00225     BANKSEL TXSTA
Message[302]: Register in operand not in bank 0.  Ensure that bank bits are correct.
0055   1218           00226     BCF     TXSTA, SYNC
Message[302]: Register in operand not in bank 0.  Ensure that bank bits are correct.
0056   1698           00227     BSF     TXSTA, TXEN
0057   1283 1303      00228     BANKSEL RCSTA
0059   1798           00229     BSF     RCSTA, SPEN
005A   1618           00230     BSF     RCSTA, CREN
005B   1683 1303      00231     BANKSEL PIE1
Message[302]: Register in operand not in bank 0.  Ensure that bank bits are correct.
005D   168C           00232     BSF     PIE1, RCIE
005E   1283 1303      00233     BANKSEL PIR1
0060   128C           00234     BCF     PIR1, RCIF
0061   0008           00235     RETURN
                      00236 
0062                  00237 init_slave_variables:
0062   01A2           00238     CLRF    digit_index
0063   01A3           00239     CLRF    number_count
0064   01A4           00240     CLRF    slave_digit_array1_0
0065   01A5           00241     CLRF    slave_digit_array1_1
0066   01A6           00242     CLRF    slave_digit_array1_2
0067   01A7           00243     CLRF    slave_digit_array1_3
0068   01A8           00244     CLRF    slave_digit_array1_4
MPASM  5.43                          PIC2.ASM   7-6-2025  21:11:15         PAGE  6


LOC  OBJECT CODE     LINE SOURCE TEXT
  VALUE

0069   01A9           00245     CLRF    slave_digit_array1_5
006A   01AA           00246     CLRF    slave_digit_array1_6
006B   01AB           00247     CLRF    slave_digit_array1_7
006C   01AC           00248     CLRF    slave_digit_array1_8
006D   01AD           00249     CLRF    slave_digit_array1_9
006E   01AE           00250     CLRF    slave_digit_array1_10
006F   01AF           00251     CLRF    slave_digit_array1_11
0070   01B0           00252     CLRF    slave_digit_array2_0
0071   01B1           00253     CLRF    slave_digit_array2_1
0072   01B2           00254     CLRF    slave_digit_array2_2
0073   01B3           00255     CLRF    slave_digit_array2_3
0074   01B4           00256     CLRF    slave_digit_array2_4
0075   01B5           00257     CLRF    slave_digit_array2_5
0076   01B6           00258     CLRF    slave_digit_array2_6
0077   01B7           00259     CLRF    slave_digit_array2_7
0078   01B8           00260     CLRF    slave_digit_array2_8
0079   01B9           00261     CLRF    slave_digit_array2_9
007A   01BA           00262     CLRF    slave_digit_array2_10
007B   01BB           00263     CLRF    slave_digit_array2_11
007C   01BC           00264     CLRF    first_number_received
007D   01BD           00265     CLRF    second_number_received
007E   01BE           00266     CLRF    both_numbers_ready
007F   01EF           00267     CLRF    transmit_index
0080   0008           00268     RETURN
                      00269 
                      00270 
0081                  00271 transmit_result_to_master:
0081   01EF           00272     CLRF transmit_index
0082                  00273 transmit_loop:
0082   086F           00274     MOVF transmit_index, 0
0083   3E5E           00275     ADDLW  div_quotient_d11
                      00276 
0084   0084           00277     MOVWF FSR
0085   0800           00278     MOVF INDF, 0
0086   2???           00279     CALL usart_send_byte       ; <---- UART transmit here
0087   2???           00280     CALL delay_5ms
0088   0AEF           00281     INCF transmit_index, 1
0089   086F           00282     MOVF transmit_index, 0
008A   3C0C           00283     SUBLW .12
008B   1D03           00284     BTFSS STATUS, Z
008C   2???           00285     GOTO transmit_loop
008D   0008           00286     RETURN
                      00287 
                      00288 
                      00289 
                      00290 
                      00291 
                      00292 
                      00293 
008E                  00294 usart_send_byte:
Warning[205]: Found directive in column 1. (BANKSEL)
008E   1683 1303      00295 BANKSEL TXSTA
Warning[203]: Found opcode in column 1. (BTFSS)
MPASM  5.43                          PIC2.ASM   7-6-2025  21:11:15         PAGE  7


LOC  OBJECT CODE     LINE SOURCE TEXT
  VALUE

Message[302]: Register in operand not in bank 0.  Ensure that bank bits are correct.
0090   1C98           00296 BTFSS TXSTA, TRMT
Warning[203]: Found opcode in column 1. (GOTO)
0091   2???           00297 GOTO $-1
Warning[205]: Found directive in column 1. (BANKSEL)
0092   1283 1303      00298 BANKSEL TXREG
Warning[203]: Found opcode in column 1. (MOVWF)
0094   0099           00299 MOVWF TXREG
Warning[203]: Found opcode in column 1. (RETURN)
0095   0008           00300 RETURN
                      00301 
                      00302 
                      00303 
                      00304 
0096                  00305 prepare_division_inputs:
0096   0824           00306     MOVF    slave_digit_array1_0, W
0097   00BF           00307     MOVWF   div_dividend_d17
0098   0825           00308     MOVF    slave_digit_array1_1, W
0099   00C0           00309     MOVWF   div_dividend_d16
009A   0826           00310     MOVF    slave_digit_array1_2,  W
009B   00C1           00311     MOVWF   div_dividend_d15
009C   0827           00312     MOVF    slave_digit_array1_3,  W
009D   00C2           00313     MOVWF   div_dividend_d14
009E   0828           00314     MOVF    slave_digit_array1_4,  W
009F   00C3           00315     MOVWF   div_dividend_d13
00A0   0829           00316     MOVF    slave_digit_array1_5,  W
00A1   00C4           00317     MOVWF   div_dividend_d12
00A2   082A           00318     MOVF    slave_digit_array1_6,  W
00A3   00C5           00319     MOVWF   div_dividend_d11
00A4   082B           00320     MOVF    slave_digit_array1_7,  W
00A5   00C6           00321     MOVWF   div_dividend_d10
00A6   082C           00322     MOVF    slave_digit_array1_8,  W
00A7   00C7           00323     MOVWF   div_dividend_d9
00A8   082D           00324     MOVF    slave_digit_array1_9,  W
00A9   00C8           00325     MOVWF   div_dividend_d8
00AA   082E           00326     MOVF    slave_digit_array1_10,  W
00AB   00C9           00327     MOVWF   div_dividend_d7
00AC   082F           00328     MOVF    slave_digit_array1_11,  W
00AD   00CA           00329     MOVWF   div_dividend_d6
                      00330     ; Clear the lower 6 digits for scaling
00AE   01CB           00331     CLRF    div_dividend_d5
00AF   01CC           00332     CLRF    div_dividend_d4
00B0   01CD           00333     CLRF    div_dividend_d3
00B1   01CE           00334     CLRF    div_dividend_d2
00B2   01CF           00335     CLRF    div_dividend_d1
00B3   01D0           00336     CLRF    div_dividend_d0
                      00337     ; 2. Clear quotient to ensure a clean start
00B4   01DE           00338     CLRF    div_quotient_d11
00B5   01DF           00339     CLRF    div_quotient_d10
00B6   01E0           00340     CLRF    div_quotient_d9
00B7   01E1           00341     CLRF    div_quotient_d8
00B8   01E2           00342     CLRF    div_quotient_d7
00B9   01E3           00343     CLRF    div_quotient_d6
MPASM  5.43                          PIC2.ASM   7-6-2025  21:11:15         PAGE  8


LOC  OBJECT CODE     LINE SOURCE TEXT
  VALUE

00BA   01E4           00344     CLRF    div_quotient_d5
00BB   01E5           00345     CLRF    div_quotient_d4
00BC   01E6           00346     CLRF    div_quotient_d3
00BD   01E7           00347     CLRF    div_quotient_d2
00BE   01E8           00348     CLRF    div_quotient_d1
00BF   01E9           00349     CLRF    div_quotient_d0
00C0   0008           00350     RETURN
                      00351 
00C1                  00352 perform_18x12_division:
                      00353     ; Clear working remainder (13 digits)
00C1   01D1           00354     CLRF    div_working_d12
00C2   01D2           00355     CLRF    div_working_d11
00C3   01D3           00356     CLRF    div_working_d10
00C4   01D4           00357     CLRF    div_working_d9
00C5   01D5           00358     CLRF    div_working_d8
00C6   01D6           00359     CLRF    div_working_d7
00C7   01D7           00360     CLRF    div_working_d6
00C8   01D8           00361     CLRF    div_working_d5
00C9   01D9           00362     CLRF    div_working_d4
00CA   01DA           00363     CLRF    div_working_d3
00CB   01DB           00364     CLRF    div_working_d2
00CC   01DC           00365     CLRF    div_working_d1
00CD   01DD           00366     CLRF    div_working_d0
                      00367     ; Initialize digit counter for 18-digit dividend
00CE   3012           00368     MOVLW   .18
00CF   00EB           00369     MOVWF   div_digit_index
                      00370     ; Point to most significant digits
00D0   303F           00371     MOVLW   div_dividend_d17
00D1   00EC           00372     MOVWF   div_dividend_ptr
00D2   305E           00373     MOVLW   div_quotient_d11
00D3   00ED           00374     MOVWF   div_quotient_ptr
00D4                  00375 digit_loop:
                      00376     ; Shift working remainder left
00D4   0852           00377     MOVF    div_working_d11, W
00D5   00D1           00378     MOVWF   div_working_d12
00D6   0853           00379     MOVF    div_working_d10, W
00D7   00D2           00380     MOVWF   div_working_d11
00D8   0854           00381     MOVF    div_working_d9,  W
00D9   00D3           00382     MOVWF   div_working_d10
00DA   0855           00383     MOVF    div_working_d8,  W
00DB   00D4           00384     MOVWF   div_working_d9
00DC   0856           00385     MOVF    div_working_d7,  W
00DD   00D5           00386     MOVWF   div_working_d8
00DE   0857           00387     MOVF    div_working_d6,  W
00DF   00D6           00388     MOVWF   div_working_d7
00E0   0858           00389     MOVF    div_working_d5,  W
00E1   00D7           00390     MOVWF   div_working_d6
00E2   0859           00391     MOVF    div_working_d4,  W
00E3   00D8           00392     MOVWF   div_working_d5
00E4   085A           00393     MOVF    div_working_d3,  W
00E5   00D9           00394     MOVWF   div_working_d4
00E6   085B           00395     MOVF    div_working_d2,  W
00E7   00DA           00396     MOVWF   div_working_d3
MPASM  5.43                          PIC2.ASM   7-6-2025  21:11:15         PAGE  9


LOC  OBJECT CODE     LINE SOURCE TEXT
  VALUE

00E8   085C           00397     MOVF    div_working_d1,  W
00E9   00DB           00398     MOVWF   div_working_d2
00EA   085D           00399     MOVF    div_working_d0,  W
00EB   00DC           00400     MOVWF   div_working_d1
                      00401     ; Bring down next digit from dividend
00EC   086C           00402     MOVF    div_dividend_ptr, W
00ED   0084           00403     MOVWF   FSR
00EE   0800           00404     MOVF    INDF, W
00EF   00DD           00405     MOVWF   div_working_d0
00F0   0AEC           00406     INCF    div_dividend_ptr, F
                      00407     ; Reset current quotient digit
00F1   01EE           00408     CLRF    div_current_quotient_digit
00F2                  00409 subtract_loop:
00F2   2???           00410     CALL    compare_13x12_numbers
00F3   1C6A           00411     BTFSS   div_compare_result, 0
00F4   2???           00412     GOTO    end_subtract_loop
00F5   2???           00413     CALL    subtract_13x12_numbers
00F6   0AEE           00414     INCF    div_current_quotient_digit, F
00F7   2???           00415     GOTO    subtract_loop
00F8                  00416 end_subtract_loop:
00F8   300D           00417     MOVLW   .13
00F9   026B           00418     SUBWF   div_digit_index, W
00FA   1803           00419     BTFSC   STATUS, C
00FB   2???           00420     GOTO    skip_store
                      00421     ; Store the result digit
00FC   086D           00422     MOVF    div_quotient_ptr, W
00FD   0084           00423     MOVWF   FSR
00FE   086E           00424     MOVF    div_current_quotient_digit, W
00FF   0080           00425     MOVWF   INDF
0100   0AED           00426     INCF    div_quotient_ptr, F
0101                  00427 skip_store:
0101   0BEB           00428     DECFSZ  div_digit_index, F
0102   2???           00429     GOTO    digit_loop
0103   0008           00430     RETURN
                      00431 
0104                  00432 compare_13x12_numbers:
0104   01EA           00433     CLRF    div_compare_result
0105   0851           00434     MOVF    div_working_d12, W
0106   1903           00435     BTFSC   STATUS, Z
0107   2???           00436     GOTO    compare_lower_12
0108   146A           00437     BSF     div_compare_result, 0
0109   0008           00438     RETURN
010A                  00439 compare_lower_12:
010A   0830           00440     MOVF    slave_digit_array2_0, W
010B   0252           00441     SUBWF   div_working_d11, W
010C   1D03           00442     BTFSS   STATUS, Z
010D   2???           00443     GOTO    check_comp_res
010E   0831           00444     MOVF    slave_digit_array2_1, W
010F   0253           00445     SUBWF   div_working_d10, W
0110   1D03           00446     BTFSS   STATUS, Z
0111   2???           00447     GOTO    check_comp_res
0112   0832           00448     MOVF    slave_digit_array2_2, W
0113   0254           00449     SUBWF   div_working_d9, W
MPASM  5.43                          PIC2.ASM   7-6-2025  21:11:15         PAGE 10


LOC  OBJECT CODE     LINE SOURCE TEXT
  VALUE

0114   1D03           00450     BTFSS   STATUS, Z
0115   2???           00451     GOTO    check_comp_res
0116   0833           00452     MOVF    slave_digit_array2_3, W
0117   0255           00453     SUBWF   div_working_d8, W
0118   1D03           00454     BTFSS   STATUS, Z
0119   2???           00455     GOTO    check_comp_res
011A   0834           00456     MOVF    slave_digit_array2_4, W
011B   0256           00457     SUBWF   div_working_d7, W
011C   1D03           00458     BTFSS   STATUS, Z
011D   2???           00459     GOTO    check_comp_res
011E   0835           00460     MOVF    slave_digit_array2_5, W
011F   0257           00461     SUBWF   div_working_d6, W
0120   1D03           00462     BTFSS   STATUS, Z
0121   2???           00463     GOTO    check_comp_res
0122   0836           00464     MOVF    slave_digit_array2_6, W
0123   0258           00465     SUBWF   div_working_d5, W
0124   1D03           00466     BTFSS   STATUS, Z
0125   2???           00467     GOTO    check_comp_res
0126   0837           00468     MOVF    slave_digit_array2_7, W
0127   0259           00469     SUBWF   div_working_d4, W
0128   1D03           00470     BTFSS   STATUS, Z
0129   2???           00471     GOTO    check_comp_res
012A   0838           00472     MOVF    slave_digit_array2_8, W
012B   025A           00473     SUBWF   div_working_d3, W
012C   1D03           00474     BTFSS   STATUS, Z
012D   2???           00475     GOTO    check_comp_res
012E   0839           00476     MOVF    slave_digit_array2_9, W
012F   025B           00477     SUBWF   div_working_d2, W
0130   1D03           00478     BTFSS   STATUS, Z
0131   2???           00479     GOTO    check_comp_res
0132   083A           00480     MOVF    slave_digit_array2_10, W
0133   025C           00481     SUBWF   div_working_d1, W
0134   1D03           00482     BTFSS   STATUS, Z
0135   2???           00483     GOTO    check_comp_res
0136   083B           00484     MOVF    slave_digit_array2_11, W
0137   025D           00485     SUBWF   div_working_d0, W
0138                  00486 check_comp_res:
0138   1803           00487     BTFSC   STATUS, C
0139   146A           00488     BSF     div_compare_result, 0
013A   0008           00489     RETURN
                      00490 
013B                  00491 subtract_13x12_numbers:
013B   083B           00492     MOVF    slave_digit_array2_11, W
013C   02DD           00493     SUBWF   div_working_d0, F
013D   1803           00494     BTFSC   STATUS, C
013E   2???           00495     GOTO    sub_d1
013F   300A           00496     MOVLW   .10
0140   07DD           00497     ADDWF   div_working_d0, F
0141   2???           00498     CALL    b_f_h_d_0
0142                  00499 sub_d1:
0142   083A           00500     MOVF    slave_digit_array2_10, W
0143   02DC           00501     SUBWF   div_working_d1, F
0144   1803           00502     BTFSC   STATUS, C
MPASM  5.43                          PIC2.ASM   7-6-2025  21:11:15         PAGE 11


LOC  OBJECT CODE     LINE SOURCE TEXT
  VALUE

0145   2???           00503     GOTO    sub_d2
0146   300A           00504     MOVLW   .10
0147   07DC           00505     ADDWF   div_working_d1, F
0148   2???           00506     CALL    b_f_h_d_1
0149                  00507 sub_d2:
0149   0839           00508     MOVF    slave_digit_array2_9, W
014A   02DB           00509     SUBWF   div_working_d2, F
014B   1803           00510     BTFSC   STATUS, C
014C   2???           00511     GOTO    sub_d3
014D   300A           00512     MOVLW   .10
014E   07DB           00513     ADDWF   div_working_d2, F
014F   2???           00514     CALL    b_f_h_d_2
0150                  00515 sub_d3:
0150   0838           00516     MOVF    slave_digit_array2_8, W
0151   02DA           00517     SUBWF   div_working_d3, F
0152   1803           00518     BTFSC   STATUS, C
0153   2???           00519     GOTO    sub_d4
0154   300A           00520     MOVLW   .10
0155   07DA           00521     ADDWF   div_working_d3, F
0156   2???           00522     CALL    b_f_h_d_3
0157                  00523 sub_d4:
0157   0837           00524     MOVF    slave_digit_array2_7, W
0158   02D9           00525     SUBWF   div_working_d4, F
0159   1803           00526     BTFSC   STATUS, C
015A   2???           00527     GOTO    sub_d5
015B   300A           00528     MOVLW   .10
015C   07D9           00529     ADDWF   div_working_d4, F
015D   2???           00530     CALL    b_f_h_d_4
015E                  00531 sub_d5:
015E   0836           00532     MOVF    slave_digit_array2_6, W
015F   02D8           00533     SUBWF   div_working_d5, F
0160   1803           00534     BTFSC   STATUS, C
0161   2???           00535     GOTO    sub_d6
0162   300A           00536     MOVLW   .10
0163   07D8           00537     ADDWF   div_working_d5, F
0164   2???           00538     CALL    b_f_h_d_5
0165                  00539 sub_d6:
0165   0835           00540     MOVF    slave_digit_array2_5, W
0166   02D7           00541     SUBWF   div_working_d6, F
0167   1803           00542     BTFSC   STATUS, C
0168   2???           00543     GOTO    sub_d7
0169   300A           00544     MOVLW   .10
016A   07D7           00545     ADDWF   div_working_d6, F
016B   2???           00546     CALL    b_f_h_d_6
016C                  00547 sub_d7:
016C   0834           00548     MOVF    slave_digit_array2_4, W
016D   02D6           00549     SUBWF   div_working_d7, F
016E   1803           00550     BTFSC   STATUS, C
016F   2???           00551     GOTO    sub_d8
0170   300A           00552     MOVLW   .10
0171   07D6           00553     ADDWF   div_working_d7, F
0172   2???           00554     CALL    b_f_h_d_7
0173                  00555 sub_d8:
MPASM  5.43                          PIC2.ASM   7-6-2025  21:11:15         PAGE 12


LOC  OBJECT CODE     LINE SOURCE TEXT
  VALUE

0173   0833           00556     MOVF    slave_digit_array2_3, W
0174   02D5           00557     SUBWF   div_working_d8, F
0175   1803           00558     BTFSC   STATUS, C
0176   2???           00559     GOTO    sub_d9
0177   300A           00560     MOVLW   .10
0178   07D5           00561     ADDWF   div_working_d8, F
0179   2???           00562     CALL    b_f_h_d_8
017A                  00563 sub_d9:
017A   0832           00564     MOVF    slave_digit_array2_2, W
017B   02D4           00565     SUBWF   div_working_d9, F
017C   1803           00566     BTFSC   STATUS, C
017D   2???           00567     GOTO    sub_d10
017E   300A           00568     MOVLW   .10
017F   07D4           00569     ADDWF   div_working_d9, F
0180   2???           00570     CALL    b_f_h_d_9
0181                  00571 sub_d10:
0181   0831           00572     MOVF    slave_digit_array2_1, W
0182   02D3           00573     SUBWF   div_working_d10, F
0183   1803           00574     BTFSC   STATUS, C
0184   2???           00575     GOTO    sub_d11
0185   300A           00576     MOVLW   .10
0186   07D3           00577     ADDWF   div_working_d10, F
0187   2???           00578     CALL    b_f_h_d_10
0188                  00579 sub_d11:
0188   0830           00580     MOVF    slave_digit_array2_0, W
0189   02D2           00581     SUBWF   div_working_d11, F
018A   1803           00582     BTFSC   STATUS, C
018B   0008           00583     RETURN
018C   300A           00584     MOVLW   .10
018D   07D2           00585     ADDWF   div_working_d11, F
018E   2???           00586     CALL    b_f_h_d_11
018F   0008           00587     RETURN
                      00588 
                      00589 ; *** CRITICAL FIX: Corrected Ripple-Borrow Routines (Fall-through logic) ***
0190                  00590 b_f_h_d_0:
0190   03DC           00591     DECF    div_working_d1, F
0191   1FDC           00592     BTFSS   div_working_d1, 7
0192   0008           00593     RETURN
0193   3009           00594     MOVLW   .9
0194   00DC           00595     MOVWF   div_working_d1
0195                  00596 b_f_h_d_1:
0195   03DB           00597     DECF    div_working_d2, F
0196   1FDB           00598     BTFSS   div_working_d2, 7
0197   0008           00599     RETURN
0198   3009           00600     MOVLW   .9
0199   00DB           00601     MOVWF   div_working_d2
019A                  00602 b_f_h_d_2:
019A   03DA           00603     DECF    div_working_d3, F
019B   1FDA           00604     BTFSS   div_working_d3, 7
019C   0008           00605     RETURN
019D   3009           00606     MOVLW   .9
019E   00DA           00607     MOVWF   div_working_d3
019F                  00608 b_f_h_d_3:
MPASM  5.43                          PIC2.ASM   7-6-2025  21:11:15         PAGE 13


LOC  OBJECT CODE     LINE SOURCE TEXT
  VALUE

019F   03D9           00609     DECF    div_working_d4, F
01A0   1FD9           00610     BTFSS   div_working_d4, 7
01A1   0008           00611     RETURN
01A2   3009           00612     MOVLW   .9
01A3   00D9           00613     MOVWF   div_working_d4
01A4                  00614 b_f_h_d_4:
01A4   03D8           00615     DECF    div_working_d5, F
01A5   1FD8           00616     BTFSS   div_working_d5, 7
01A6   0008           00617     RETURN
01A7   3009           00618     MOVLW   .9
01A8   00D8           00619     MOVWF   div_working_d5
01A9                  00620 b_f_h_d_5:
01A9   03D7           00621     DECF    div_working_d6, F
01AA   1FD7           00622     BTFSS   div_working_d6, 7
01AB   0008           00623     RETURN
01AC   3009           00624     MOVLW   .9
01AD   00D7           00625     MOVWF   div_working_d6
01AE                  00626 b_f_h_d_6:
01AE   03D6           00627     DECF    div_working_d7, F
01AF   1FD6           00628     BTFSS   div_working_d7, 7
01B0   0008           00629     RETURN
01B1   3009           00630     MOVLW   .9
01B2   00D6           00631     MOVWF   div_working_d7
01B3                  00632 b_f_h_d_7:
01B3   03D5           00633     DECF    div_working_d8, F
01B4   1FD5           00634     BTFSS   div_working_d8, 7
01B5   0008           00635     RETURN
01B6   3009           00636     MOVLW   .9
01B7   00D5           00637     MOVWF   div_working_d8
01B8                  00638 b_f_h_d_8:
01B8   03D4           00639     DECF    div_working_d9, F
01B9   1FD4           00640     BTFSS   div_working_d9, 7
01BA   0008           00641     RETURN
01BB   3009           00642     MOVLW   .9
01BC   00D4           00643     MOVWF   div_working_d9
01BD                  00644 b_f_h_d_9:
01BD   03D3           00645     DECF    div_working_d10, F
01BE   1FD3           00646     BTFSS   div_working_d10, 7
01BF   0008           00647     RETURN
01C0   3009           00648     MOVLW   .9
01C1   00D3           00649     MOVWF   div_working_d10
01C2                  00650 b_f_h_d_10:
01C2   03D2           00651     DECF    div_working_d11, F
01C3   1FD2           00652     BTFSS   div_working_d11, 7
01C4   0008           00653     RETURN
01C5   3009           00654     MOVLW   .9
01C6   00D2           00655     MOVWF   div_working_d11
01C7                  00656 b_f_h_d_11:
01C7   03D1           00657     DECF    div_working_d12, F
01C8   0008           00658     RETURN
                      00659 
01C9                  00660 delay_500ms:
Warning[203]: Found opcode in column 1. (movlw)
MPASM  5.43                          PIC2.ASM   7-6-2025  21:11:15         PAGE 14


LOC  OBJECT CODE     LINE SOURCE TEXT
  VALUE

01C9   30FA           00661 movlw .250
Warning[203]: Found opcode in column 1. (call)
01CA   2???           00662 call delay_ms
Warning[203]: Found opcode in column 1. (movlw)
01CB   30FA           00663 movlw .250
Warning[203]: Found opcode in column 1. (call)
01CC   2???           00664 call delay_ms
Warning[203]: Found opcode in column 1. (return)
01CD   0008           00665 return
                      00666 
01CE                  00667 delay_20ms:
Warning[203]: Found opcode in column 1. (movlw)
01CE   3014           00668 movlw .20
Warning[203]: Found opcode in column 1. (call)
01CF   2???           00669 call delay_ms
Warning[203]: Found opcode in column 1. (return)
01D0   0008           00670 return
                      00671 
01D1                  00672 delay_5ms:
Warning[203]: Found opcode in column 1. (movlw)
01D1   3005           00673 movlw .5
Warning[203]: Found opcode in column 1. (call)
01D2   2???           00674 call delay_ms
Warning[203]: Found opcode in column 1. (return)
01D3   0008           00675 return
                      00676 
01D4                  00677 delay_1ms:
Warning[203]: Found opcode in column 1. (movlw)
01D4   3001           00678 movlw .1
Warning[203]: Found opcode in column 1. (call)
01D5   2???           00679 call delay_ms
Warning[203]: Found opcode in column 1. (return)
01D6   0008           00680 return
                      00681 
01D7                  00682 delay_ms:
Warning[203]: Found opcode in column 1. (movwf)
01D7   00F0           00683 movwf delay_ms_count
01D8                  00684 ms_loop:
Warning[203]: Found opcode in column 1. (movlw)
01D8   30C7           00685 movlw 0xC7
Warning[203]: Found opcode in column 1. (movwf)
01D9   00A0           00686 movwf temp_char
01DA                  00687 us_loop:
Warning[203]: Found opcode in column 1. (decfsz)
01DA   0BA0           00688 decfsz temp_char, 1
Warning[203]: Found opcode in column 1. (goto)
01DB   2???           00689 goto us_loop
Warning[203]: Found opcode in column 1. (decfsz)
01DC   0BF0           00690 decfsz delay_ms_count, 1
Warning[203]: Found opcode in column 1. (goto)
01DD   2???           00691 goto ms_loop
Warning[203]: Found opcode in column 1. (return)
01DE   0008           00692 return
MPASM  5.43                          PIC2.ASM   7-6-2025  21:11:15         PAGE 15


LOC  OBJECT CODE     LINE SOURCE TEXT
  VALUE

                      00693 
01DF                  00694 reset_slave_for_next_calculation:
                      00695     ; Reset counters and flags for next calculation
01DF   01A2           00696     CLRF    digit_index
01E0   01A3           00697     CLRF    number_count
01E1   01BC           00698     CLRF    first_number_received
01E2   01BD           00699     CLRF    second_number_received
01E3   01BE           00700     CLRF    both_numbers_ready
                      00701     
                      00702     ; Clear the received number arrays
01E4   01A4           00703     CLRF    slave_digit_array1_0
01E5   01A5           00704     CLRF    slave_digit_array1_1
01E6   01A6           00705     CLRF    slave_digit_array1_2
01E7   01A7           00706     CLRF    slave_digit_array1_3
01E8   01A8           00707     CLRF    slave_digit_array1_4
01E9   01A9           00708     CLRF    slave_digit_array1_5
01EA   01AA           00709     CLRF    slave_digit_array1_6
01EB   01AB           00710     CLRF    slave_digit_array1_7
01EC   01AC           00711     CLRF    slave_digit_array1_8
01ED   01AD           00712     CLRF    slave_digit_array1_9
01EE   01AE           00713     CLRF    slave_digit_array1_10
01EF   01AF           00714     CLRF    slave_digit_array1_11
01F0   01B0           00715     CLRF    slave_digit_array2_0
01F1   01B1           00716     CLRF    slave_digit_array2_1
01F2   01B2           00717     CLRF    slave_digit_array2_2
01F3   01B3           00718     CLRF    slave_digit_array2_3
01F4   01B4           00719     CLRF    slave_digit_array2_4
01F5   01B5           00720     CLRF    slave_digit_array2_5
01F6   01B6           00721     CLRF    slave_digit_array2_6
01F7   01B7           00722     CLRF    slave_digit_array2_7
01F8   01B8           00723     CLRF    slave_digit_array2_8
01F9   01B9           00724     CLRF    slave_digit_array2_9
01FA   01BA           00725     CLRF    slave_digit_array2_10
01FB   01BB           00726     CLRF    slave_digit_array2_11
01FC   0008           00727     RETURN
                      00728 
                      00729 
Warning[205]: Found directive in column 1. (END)
3731                  00730 END
MPASM  5.43                          PIC2.ASM   7-6-2025  21:11:15         PAGE 16


SYMBOL TABLE
  LABEL                             VALUE 

ACKDT                             00000005
ACKEN                             00000004
ACKSTAT                           00000006
ADCON0                            0000001F
ADCON1                            0000009F
ADCS0                             00000006
ADCS1                             00000007
ADCS2                             00000006
ADDEN                             00000003
ADFM                              00000007
ADIE                              00000006
ADIF                              00000006
ADON                              00000000
ADRESH                            0000001E
ADRESL                            0000009E
BCLIE                             00000003
BCLIF                             00000003
BF                                00000000
BRGH                              00000002
C                                 00000000
C1INV                             00000004
C1OUT                             00000006
C2INV                             00000005
C2OUT                             00000007
CCP1CON                           00000017
CCP1IE                            00000002
CCP1IF                            00000002
CCP1M0                            00000000
CCP1M1                            00000001
CCP1M2                            00000002
CCP1M3                            00000003
CCP1X                             00000005
CCP1Y                             00000004
CCP2CON                           0000001D
CCP2IE                            00000000
CCP2IF                            00000000
CCP2M0                            00000000
CCP2M1                            00000001
CCP2M2                            00000002
CCP2M3                            00000003
CCP2X                             00000005
CCP2Y                             00000004
CCPR1                             00000015
CCPR1H                            00000016
CCPR1L                            00000015
CCPR2                             0000001B
CCPR2H                            0000001C
CCPR2L                            0000001B
CHS0                              00000003
CHS1                              00000004
CHS2                              00000005
CIS                               00000003
CKE                               00000006
MPASM  5.43                          PIC2.ASM   7-6-2025  21:11:15         PAGE 17


SYMBOL TABLE
  LABEL                             VALUE 

CKP                               00000004
CM0                               00000000
CM1                               00000001
CM2                               00000002
CMCON                             0000009C
CMIE                              00000006
CMIF                              00000006
CREN                              00000004
CSRC                              00000007
CVR0                              00000000
CVR1                              00000001
CVR2                              00000002
CVR3                              00000003
CVRCON                            0000009D
CVREN                             00000007
CVROE                             00000006
CVRR                              00000005
D                                 00000005
DATA_ADDRESS                      00000005
DC                                00000001
D_A                               00000005
D_NOT_A                           00000005
EEADR                             0000010D
EEADRH                            0000010F
EECON1                            0000018C
EECON2                            0000018D
EEDATA                            0000010C
EEDATH                            0000010E
EEIE                              00000004
EEIF                              00000004
EEPGD                             00000007
F                                 00000001
FERR                              00000002
FSR                               00000004
GCEN                              00000007
GIE                               00000007
GO                                00000002
GO_DONE                           00000002
GO_NOT_DONE                       00000002
I2C_DATA                          00000005
I2C_READ                          00000002
I2C_START                         00000003
I2C_STOP                          00000004
IBF                               00000007
IBOV                              00000005
INDF                              00000000
INTCON                            0000000B
INTE                              00000004
INTEDG                            00000006
INTF                              00000001
IRP                               00000007
NOT_A                             00000005
NOT_ADDRESS                       00000005
MPASM  5.43                          PIC2.ASM   7-6-2025  21:11:15         PAGE 18


SYMBOL TABLE
  LABEL                             VALUE 

NOT_BO                            00000000
NOT_BOR                           00000000
NOT_DONE                          00000002
NOT_PD                            00000003
NOT_POR                           00000001
NOT_RBPU                          00000007
NOT_RC8                           00000006
NOT_T1SYNC                        00000002
NOT_TO                            00000004
NOT_TX8                           00000006
NOT_W                             00000002
NOT_WRITE                         00000002
OBF                               00000006
OERR                              00000001
OPTION_REG                        00000081
P                                 00000004
PCFG0                             00000000
PCFG1                             00000001
PCFG2                             00000002
PCFG3                             00000003
PCL                               00000002
PCLATH                            0000000A
PCON                              0000008E
PEIE                              00000006
PEN                               00000002
PIE1                              0000008C
PIE2                              0000008D
PIR1                              0000000C
PIR2                              0000000D
PORTA                             00000005
PORTB                             00000006
PORTC                             00000007
PORTD                             00000008
PORTE                             00000009
PR2                               00000092
PS0                               00000000
PS1                               00000001
PS2                               00000002
PSA                               00000003
PSPIE                             00000007
PSPIF                             00000007
PSPMODE                           00000004
R                                 00000002
RA0                               00000000
RA1                               00000001
RA2                               00000002
RA3                               00000003
RA4                               00000004
RA5                               00000005
RB0                               00000000
RB1                               00000001
RB2                               00000002
RB3                               00000003
MPASM  5.43                          PIC2.ASM   7-6-2025  21:11:15         PAGE 19


SYMBOL TABLE
  LABEL                             VALUE 

RB4                               00000004
RB5                               00000005
RB6                               00000006
RB7                               00000007
RBIE                              00000003
RBIF                              00000000
RC0                               00000000
RC1                               00000001
RC2                               00000002
RC3                               00000003
RC4                               00000004
RC5                               00000005
RC6                               00000006
RC7                               00000007
RC8_9                             00000006
RC9                               00000006
RCD8                              00000000
RCEN                              00000003
RCIE                              00000005
RCIF                              00000005
RCREG                             0000001A
RCSTA                             00000018
RD                                00000000
RD0                               00000000
RD1                               00000001
RD2                               00000002
RD3                               00000003
RD4                               00000004
RD5                               00000005
RD6                               00000006
RD7                               00000007
RE0                               00000000
RE1                               00000001
RE2                               00000002
READ_WRITE                        00000002
RP0                               00000005
RP1                               00000006
RSEN                              00000001
RX9                               00000006
RX9D                              00000000
R_NOT_W                           00000002
R_W                               00000002
S                                 00000003
SEN                               00000000
SMP                               00000007
SPBRG                             00000099
SPEN                              00000007
SREN                              00000005
SSPADD                            00000093
SSPBUF                            00000013
SSPCON                            00000014
SSPCON2                           00000091
SSPEN                             00000005
MPASM  5.43                          PIC2.ASM   7-6-2025  21:11:15         PAGE 20


SYMBOL TABLE
  LABEL                             VALUE 

SSPIE                             00000003
SSPIF                             00000003
SSPM0                             00000000
SSPM1                             00000001
SSPM2                             00000002
SSPM3                             00000003
SSPOV                             00000006
SSPSTAT                           00000094
STATUS                            00000003
SYNC                              00000004
T0CS                              00000005
T0IE                              00000005
T0IF                              00000002
T0SE                              00000004
T1CKPS0                           00000004
T1CKPS1                           00000005
T1CON                             00000010
T1INSYNC                          00000002
T1OSCEN                           00000003
T1SYNC                            00000002
T2CKPS0                           00000000
T2CKPS1                           00000001
T2CON                             00000012
TMR0                              00000001
TMR0IE                            00000005
TMR0IF                            00000002
TMR1CS                            00000001
TMR1H                             0000000F
TMR1IE                            00000000
TMR1IF                            00000000
TMR1L                             0000000E
TMR1ON                            00000000
TMR2                              00000011
TMR2IE                            00000001
TMR2IF                            00000001
TMR2ON                            00000002
TOUTPS0                           00000003
TOUTPS1                           00000004
TOUTPS2                           00000005
TOUTPS3                           00000006
TRISA                             00000085
TRISA0                            00000000
TRISA1                            00000001
TRISA2                            00000002
TRISA3                            00000003
TRISA4                            00000004
TRISA5                            00000005
TRISB                             00000086
TRISB0                            00000000
TRISB1                            00000001
TRISB2                            00000002
TRISB3                            00000003
TRISB4                            00000004
MPASM  5.43                          PIC2.ASM   7-6-2025  21:11:15         PAGE 21


SYMBOL TABLE
  LABEL                             VALUE 

TRISB5                            00000005
TRISB6                            00000006
TRISB7                            00000007
TRISC                             00000087
TRISC0                            00000000
TRISC1                            00000001
TRISC2                            00000002
TRISC3                            00000003
TRISC4                            00000004
TRISC5                            00000005
TRISC6                            00000006
TRISC7                            00000007
TRISD                             00000088
TRISD0                            00000000
TRISD1                            00000001
TRISD2                            00000002
TRISD3                            00000003
TRISD4                            00000004
TRISD5                            00000005
TRISD6                            00000006
TRISD7                            00000007
TRISE                             00000089
TRISE0                            00000000
TRISE1                            00000001
TRISE2                            00000002
TRMT                              00000001
TX8_9                             00000006
TX9                               00000006
TX9D                              00000000
TXD8                              00000000
TXEN                              00000005
TXIE                              00000004
TXIF                              00000004
TXREG                             00000019
TXSTA                             00000098
UA                                00000001
USART_ISR                         00000022
W                                 00000000
WCOL                              00000007
WR                                00000001
WREN                              00000002
WRERR                             00000003
Z                                 00000002
_.org_1_0091                      00000091
_BODEN_OFF                        00003FBF
_BODEN_ON                         00003FFF
_BOREN_OFF                        00003FBF
_BOREN_ON                         00003FFF
_CONFIG                           00002007
_CPD_OFF                          00003FFF
_CPD_ON                           00003EFF
_CP_ALL                           00001FFF
_CP_OFF                           00003FFF
MPASM  5.43                          PIC2.ASM   7-6-2025  21:11:15         PAGE 22


SYMBOL TABLE
  LABEL                             VALUE 

_CP_ON                            00001FFF
_DEBUG_OFF                        00003FFF
_DEBUG_ON                         000037FF
_DEVID1                           00002006
_FOSC_EXTRC                       00003FFF
_FOSC_HS                          00003FFE
_FOSC_LP                          00003FFC
_FOSC_XT                          00003FFD
_HS_OSC                           00003FFE
_IDLOC0                           00002000
_IDLOC1                           00002001
_IDLOC2                           00002002
_IDLOC3                           00002003
_LP_OSC                           00003FFC
_LVP_OFF                          00003F7F
_LVP_ON                           00003FFF
_PWRTE_OFF                        00003FFF
_PWRTE_ON                         00003FF7
_RC_OSC                           00003FFF
_WDTE_OFF                         00003FFB
_WDTE_ON                          00003FFF
_WDT_OFF                          00003FFB
_WDT_ON                           00003FFF
_WRT_1FOURTH                      00003BFF
_WRT_256                          00003DFF
_WRT_HALF                         000039FF
_WRT_OFF                          00003FFF
_XT_OSC                           00003FFD
__16F877A                         00000001
__DEBUG                           1
b_f_h_d_0                         00000190
b_f_h_d_1                         00000195
b_f_h_d_10                        000001C2
b_f_h_d_11                        000001C7
b_f_h_d_2                         0000019A
b_f_h_d_3                         0000019F
b_f_h_d_4                         000001A4
b_f_h_d_5                         000001A9
b_f_h_d_6                         000001AE
b_f_h_d_7                         000001B3
b_f_h_d_8                         000001B8
b_f_h_d_9                         000001BD
both_numbers_ready                0000003E
check_comp_res                    00000138
compare_13x12_numbers             00000104
compare_lower_12                  0000010A
delay_1ms                         000001D4
delay_20ms                        000001CE
delay_500ms                       000001C9
delay_5ms                         000001D1
delay_ms                          000001D7
delay_ms_count                    00000070
digit_index                       00000022
MPASM  5.43                          PIC2.ASM   7-6-2025  21:11:15         PAGE 23


SYMBOL TABLE
  LABEL                             VALUE 

digit_loop                        000000D4
div_compare_result                0000006A
div_current_quotient_digit        0000006E
div_digit_index                   0000006B
div_dividend_d0                   00000050
div_dividend_d1                   0000004F
div_dividend_d10                  00000046
div_dividend_d11                  00000045
div_dividend_d12                  00000044
div_dividend_d13                  00000043
div_dividend_d14                  00000042
div_dividend_d15                  00000041
div_dividend_d16                  00000040
div_dividend_d17                  0000003F
div_dividend_d2                   0000004E
div_dividend_d3                   0000004D
div_dividend_d4                   0000004C
div_dividend_d5                   0000004B
div_dividend_d6                   0000004A
div_dividend_d7                   00000049
div_dividend_d8                   00000048
div_dividend_d9                   00000047
div_dividend_ptr                  0000006C
div_quotient_d0                   00000069
div_quotient_d1                   00000068
div_quotient_d10                  0000005F
div_quotient_d11                  0000005E
div_quotient_d2                   00000067
div_quotient_d3                   00000066
div_quotient_d4                   00000065
div_quotient_d5                   00000064
div_quotient_d6                   00000063
div_quotient_d7                   00000062
div_quotient_d8                   00000061
div_quotient_d9                   00000060
div_quotient_ptr                  0000006D
div_working_d0                    0000005D
div_working_d1                    0000005C
div_working_d10                   00000053
div_working_d11                   00000052
div_working_d12                   00000051
div_working_d2                    0000005B
div_working_d3                    0000005A
div_working_d4                    00000059
div_working_d5                    00000058
div_working_d6                    00000057
div_working_d7                    00000056
div_working_d8                    00000055
div_working_d9                    00000054
end_subtract_loop                 000000F8
first_number_received             0000003C
init_slave_variables              00000062
init_usart                        0000004F
MPASM  5.43                          PIC2.ASM   7-6-2025  21:11:15         PAGE 24


SYMBOL TABLE
  LABEL                             VALUE 

isr_exit                          0000004D
ms_loop                           000001D8
number_count                      00000023
perform_18x12_division            000000C1
perform_division                  00000018
prepare_division_inputs           00000096
received_digit                    00000021
reset_slave_for_next_calculation  000001DF
second_number_received            0000003D
skip_store                        00000101
slave_digit_array1_0              00000024
slave_digit_array1_1              00000025
slave_digit_array1_10             0000002E
slave_digit_array1_11             0000002F
slave_digit_array1_2              00000026
slave_digit_array1_3              00000027
slave_digit_array1_4              00000028
slave_digit_array1_5              00000029
slave_digit_array1_6              0000002A
slave_digit_array1_7              0000002B
slave_digit_array1_8              0000002C
slave_digit_array1_9              0000002D
slave_digit_array2_0              00000030
slave_digit_array2_1              00000031
slave_digit_array2_10             0000003A
slave_digit_array2_11             0000003B
slave_digit_array2_2              00000032
slave_digit_array2_3              00000033
slave_digit_array2_4              00000034
slave_digit_array2_5              00000035
slave_digit_array2_6              00000036
slave_digit_array2_7              00000037
slave_digit_array2_8              00000038
slave_digit_array2_9              00000039
slave_main_loop                   00000013
slave_start                       00000005
store_first_number                00000030
store_second_number               0000003F
sub_d1                            00000142
sub_d10                           00000181
sub_d11                           00000188
sub_d2                            00000149
sub_d3                            00000150
sub_d4                            00000157
sub_d5                            0000015E
sub_d6                            00000165
sub_d7                            0000016C
sub_d8                            00000173
sub_d9                            0000017A
subtract_13x12_numbers            0000013B
subtract_loop                     000000F2
temp_char                         00000020
transmit_index                    0000006F
MPASM  5.43                          PIC2.ASM   7-6-2025  21:11:15         PAGE 25


SYMBOL TABLE
  LABEL                             VALUE 

transmit_loop                     00000082
transmit_result_to_master         00000081
us_loop                           000001DA
usart_send_byte                   0000008E

Errors   :     0
Warnings :    32 reported,     0 suppressed
Messages :     7 reported,     0 suppressed

