Warning[205] C:\USERS\MOATH\DESKTOP\LAST\PIC-ASSEMBLY-PROJECT-MAIN\PIC2.ASM 2 : Found directive in column 1. (PROCESSOR)
Warning[205] C:\USERS\MOATH\DESKTOP\LAST\PIC-ASSEMBLY-PROJECT-MAIN\PIC2.ASM 3 : Found directive in column 1. (__CONFIG)
Warning[205] C:\USERS\MOATH\DESKTOP\LAST\PIC-ASSEMBLY-PROJECT-MAIN\PIC2.ASM 4 : Found directive in column 1. (INCLUDE)
Message[302] C:\USERS\MOATH\DESKTOP\LAST\PIC-ASSEMBLY-PROJECT-MAIN\PIC2.ASM 121 : Register in operand not in bank 0.  Ensure that bank bits are correct.
Message[302] C:\USERS\MOATH\DESKTOP\LAST\PIC-ASSEMBLY-PROJECT-MAIN\PIC2.ASM 122 : Register in operand not in bank 0.  Ensure that bank bits are correct.
Message[302] C:\USERS\MOATH\DESKTOP\LAST\PIC-ASSEMBLY-PROJECT-MAIN\PIC2.ASM 224 : Register in operand not in bank 0.  Ensure that bank bits are correct.
Message[302] C:\USERS\MOATH\DESKTOP\LAST\PIC-ASSEMBLY-PROJECT-MAIN\PIC2.ASM 226 : Register in operand not in bank 0.  Ensure that bank bits are correct.
Message[302] C:\USERS\MOATH\DESKTOP\LAST\PIC-ASSEMBLY-PROJECT-MAIN\PIC2.ASM 227 : Register in operand not in bank 0.  Ensure that bank bits are correct.
Message[302] C:\USERS\MOATH\DESKTOP\LAST\PIC-ASSEMBLY-PROJECT-MAIN\PIC2.ASM 232 : Register in operand not in bank 0.  Ensure that bank bits are correct.
Warning[205] C:\USERS\MOATH\DESKTOP\LAST\PIC-ASSEMBLY-PROJECT-MAIN\PIC2.ASM 295 : Found directive in column 1. (BANKSEL)
Warning[203] C:\USERS\MOATH\DESKTOP\LAST\PIC-ASSEMBLY-PROJECT-MAIN\PIC2.ASM 296 : Found opcode in column 1. (BTFSS)
Message[302] C:\USERS\MOATH\DESKTOP\LAST\PIC-ASSEMBLY-PROJECT-MAIN\PIC2.ASM 296 : Register in operand not in bank 0.  Ensure that bank bits are correct.
Warning[203] C:\USERS\MOATH\DESKTOP\LAST\PIC-ASSEMBLY-PROJECT-MAIN\PIC2.ASM 297 : Found opcode in column 1. (GOTO)
Warning[205] C:\USERS\MOATH\DESKTOP\LAST\PIC-ASSEMBLY-PROJECT-MAIN\PIC2.ASM 298 : Found directive in column 1. (BANKSEL)
Warning[203] C:\USERS\MOATH\DESKTOP\LAST\PIC-ASSEMBLY-PROJECT-MAIN\PIC2.ASM 299 : Found opcode in column 1. (MOVWF)
Warning[203] C:\USERS\MOATH\DESKTOP\LAST\PIC-ASSEMBLY-PROJECT-MAIN\PIC2.ASM 300 : Found opcode in column 1. (RETURN)
Warning[203] C:\USERS\MOATH\DESKTOP\LAST\PIC-ASSEMBLY-PROJECT-MAIN\PIC2.ASM 661 : Found opcode in column 1. (movlw)
Warning[203] C:\USERS\MOATH\DESKTOP\LAST\PIC-ASSEMBLY-PROJECT-MAIN\PIC2.ASM 662 : Found opcode in column 1. (call)
Warning[203] C:\USERS\MOATH\DESKTOP\LAST\PIC-ASSEMBLY-PROJECT-MAIN\PIC2.ASM 663 : Found opcode in column 1. (movlw)
Warning[203] C:\USERS\MOATH\DESKTOP\LAST\PIC-ASSEMBLY-PROJECT-MAIN\PIC2.ASM 664 : Found opcode in column 1. (call)
Warning[203] C:\USERS\MOATH\DESKTOP\LAST\PIC-ASSEMBLY-PROJECT-MAIN\PIC2.ASM 665 : Found opcode in column 1. (return)
Warning[203] C:\USERS\MOATH\DESKTOP\LAST\PIC-ASSEMBLY-PROJECT-MAIN\PIC2.ASM 668 : Found opcode in column 1. (movlw)
Warning[203] C:\USERS\MOATH\DESKTOP\LAST\PIC-ASSEMBLY-PROJECT-MAIN\PIC2.ASM 669 : Found opcode in column 1. (call)
Warning[203] C:\USERS\MOATH\DESKTOP\LAST\PIC-ASSEMBLY-PROJECT-MAIN\PIC2.ASM 670 : Found opcode in column 1. (return)
Warning[203] C:\USERS\MOATH\DESKTOP\LAST\PIC-ASSEMBLY-PROJECT-MAIN\PIC2.ASM 673 : Found opcode in column 1. (movlw)
Warning[203] C:\USERS\MOATH\DESKTOP\LAST\PIC-ASSEMBLY-PROJECT-MAIN\PIC2.ASM 674 : Found opcode in column 1. (call)
Warning[203] C:\USERS\MOATH\DESKTOP\LAST\PIC-ASSEMBLY-PROJECT-MAIN\PIC2.ASM 675 : Found opcode in column 1. (return)
Warning[203] C:\USERS\MOATH\DESKTOP\LAST\PIC-ASSEMBLY-PROJECT-MAIN\PIC2.ASM 678 : Found opcode in column 1. (movlw)
Warning[203] C:\USERS\MOATH\DESKTOP\LAST\PIC-ASSEMBLY-PROJECT-MAIN\PIC2.ASM 679 : Found opcode in column 1. (call)
Warning[203] C:\USERS\MOATH\DESKTOP\LAST\PIC-ASSEMBLY-PROJECT-MAIN\PIC2.ASM 680 : Found opcode in column 1. (return)
Warning[203] C:\USERS\MOATH\DESKTOP\LAST\PIC-ASSEMBLY-PROJECT-MAIN\PIC2.ASM 683 : Found opcode in column 1. (movwf)
Warning[203] C:\USERS\MOATH\DESKTOP\LAST\PIC-ASSEMBLY-PROJECT-MAIN\PIC2.ASM 685 : Found opcode in column 1. (movlw)
Warning[203] C:\USERS\MOATH\DESKTOP\LAST\PIC-ASSEMBLY-PROJECT-MAIN\PIC2.ASM 686 : Found opcode in column 1. (movwf)
Warning[203] C:\USERS\MOATH\DESKTOP\LAST\PIC-ASSEMBLY-PROJECT-MAIN\PIC2.ASM 688 : Found opcode in column 1. (decfsz)
Warning[203] C:\USERS\MOATH\DESKTOP\LAST\PIC-ASSEMBLY-PROJECT-MAIN\PIC2.ASM 689 : Found opcode in column 1. (goto)
Warning[203] C:\USERS\MOATH\DESKTOP\LAST\PIC-ASSEMBLY-PROJECT-MAIN\PIC2.ASM 690 : Found opcode in column 1. (decfsz)
Warning[203] C:\USERS\MOATH\DESKTOP\LAST\PIC-ASSEMBLY-PROJECT-MAIN\PIC2.ASM 691 : Found opcode in column 1. (goto)
Warning[203] C:\USERS\MOATH\DESKTOP\LAST\PIC-ASSEMBLY-PROJECT-MAIN\PIC2.ASM 692 : Found opcode in column 1. (return)
Warning[205] C:\USERS\MOATH\DESKTOP\LAST\PIC-ASSEMBLY-PROJECT-MAIN\PIC2.ASM 730 : Found directive in column 1. (END)
